# JRE version: Java(TM) SE Runtime Environment (8.0_271-b09) (build 1.8.0_271-b09)
# Java VM: Java HotSpot(TM) 64-Bit Server VM (25.271-b09 mixed mode windows-amd64 compressed oops)
Heap:
 PSYoungGen      total 558592K, used 204072K [0x0000000780000000, 0x00000007b3300000, 0x00000007c0000000)
  eden space 284672K, 71% used [0x0000000780000000,0x000000078c74a098,0x0000000791600000)
  from space 273920K, 0% used [0x0000000791600000,0x0000000791600000,0x00000007a2180000)
  to   space 261120K, 0% used [0x00000007a3400000,0x00000007a3400000,0x00000007b3300000)
 ParOldGen       total 410112K, used 409825K [0x0000000700000000, 0x0000000719080000, 0x0000000780000000)
  object space 410112K, 99% used [0x0000000700000000,0x00000007190387b0,0x0000000719080000)
 Metaspace       used 62196K, capacity 63238K, committed 63528K, reserved 1103872K
  class space    used 8362K, capacity 8691K, committed 8752K, reserved 1048576K
GC Heap History (10 events):
Event: 337.365 GC heap before
{Heap before GC invocations=75 (full 30):
 PSYoungGen      total 558592K, used 284672K [0x0000000780000000, 0x00000007b3300000, 0x00000007c0000000)
  eden space 284672K, 100% used [0x0000000780000000,0x0000000791600000,0x0000000791600000)
  from space 273920K, 0% used [0x0000000791600000,0x0000000791600000,0x00000007a2180000)
  to   space 261120K, 0% used [0x00000007a3400000,0x00000007a3400000,0x00000007b3300000)
 ParOldGen       total 410112K, used 409687K [0x0000000700000000, 0x0000000719080000, 0x0000000780000000)
  object space 410112K, 99% used [0x0000000700000000,0x0000000719015dd0,0x0000000719080000)
 Metaspace       used 62176K, capacity 63238K, committed 63528K, reserved 1103872K
  class space    used 8360K, capacity 8691K, committed 8752K, reserved 1048576K
Event: 340.025 GC heap after
Heap after GC invocations=75 (full 30):
 PSYoungGen      total 558592K, used 93400K [0x0000000780000000, 0x00000007b3300000, 0x00000007c0000000)
  eden space 284672K, 32% used [0x0000000780000000,0x0000000785b36088,0x0000000791600000)
  from space 273920K, 0% used [0x0000000791600000,0x0000000791600000,0x00000007a2180000)
  to   space 261120K, 0% used [0x00000007a3400000,0x00000007a3400000,0x00000007b3300000)
 ParOldGen       total 410112K, used 409675K [0x0000000700000000, 0x0000000719080000, 0x0000000780000000)
  object space 410112K, 99% used [0x0000000700000000,0x0000000719012d10,0x0000000719080000)
 Metaspace       used 62176K, capacity 63238K, committed 63528K, reserved 1103872K
  class space    used 8360K, capacity 8691K, committed 8752K, reserved 1048576K
}
Event: 342.947 GC heap before
{Heap before GC invocations=76 (full 31):
 PSYoungGen      total 558592K, used 284672K [0x0000000780000000, 0x00000007b3300000, 0x00000007c0000000)
  eden space 284672K, 100% used [0x0000000780000000,0x0000000791600000,0x0000000791600000)
  from space 273920K, 0% used [0x0000000791600000,0x0000000791600000,0x00000007a2180000)
  to   space 261120K, 0% used [0x00000007a3400000,0x00000007a3400000,0x00000007b3300000)
 ParOldGen       total 410112K, used 409675K [0x0000000700000000, 0x0000000719080000, 0x0000000780000000)
  object space 410112K, 99% used [0x0000000700000000,0x0000000719012d10,0x0000000719080000)
 Metaspace       used 62176K, capacity 63238K, committed 63528K, reserved 1103872K
  class space    used 8360K, capacity 8691K, committed 8752K, reserved 1048576K
Event: 344.664 GC heap after
Heap after GC invocations=76 (full 31):
 PSYoungGen      total 558592K, used 93589K [0x0000000780000000, 0x00000007b3300000, 0x00000007c0000000)
  eden space 284672K, 32% used [0x0000000780000000,0x0000000785b65548,0x0000000791600000)
  from space 273920K, 0% used [0x0000000791600000,0x0000000791600000,0x00000007a2180000)
  to   space 261120K, 0% used [0x00000007a3400000,0x00000007a3400000,0x00000007b3300000)
 ParOldGen       total 410112K, used 409675K [0x0000000700000000, 0x0000000719080000, 0x0000000780000000)
  object space 410112K, 99% used [0x0000000700000000,0x0000000719012d10,0x0000000719080000)
 Metaspace       used 62176K, capacity 63238K, committed 63528K, reserved 1103872K
  class space    used 8360K, capacity 8691K, committed 8752K, reserved 1048576K
}
Event: 346.996 GC heap before
{Heap before GC invocations=77 (full 32):
 PSYoungGen      total 558592K, used 284672K [0x0000000780000000, 0x00000007b3300000, 0x00000007c0000000)
  eden space 284672K, 100% used [0x0000000780000000,0x0000000791600000,0x0000000791600000)
  from space 273920K, 0% used [0x0000000791600000,0x0000000791600000,0x00000007a2180000)
  to   space 261120K, 0% used [0x00000007a3400000,0x00000007a3400000,0x00000007b3300000)
 ParOldGen       total 410112K, used 409675K [0x0000000700000000, 0x0000000719080000, 0x0000000780000000)
  object space 410112K, 99% used [0x0000000700000000,0x0000000719012d10,0x0000000719080000)
 Metaspace       used 62176K, capacity 63238K, committed 63528K, reserved 1103872K
  class space    used 8360K, capacity 8691K, committed 8752K, reserved 1048576K
Event: 349.775 GC heap after
Heap after GC invocations=77 (full 32):
 PSYoungGen      total 558592K, used 94082K [0x0000000780000000, 0x00000007b3300000, 0x00000007c0000000)
  eden space 284672K, 33% used [0x0000000780000000,0x0000000785be0a60,0x0000000791600000)
  from space 273920K, 0% used [0x0000000791600000,0x0000000791600000,0x00000007a2180000)
  to   space 261120K, 0% used [0x00000007a3400000,0x00000007a3400000,0x00000007b3300000)
 ParOldGen       total 410112K, used 409634K [0x0000000700000000, 0x0000000719080000, 0x0000000780000000)
  object space 410112K, 99% used [0x0000000700000000,0x0000000719008b20,0x0000000719080000)
 Metaspace       used 62176K, capacity 63238K, committed 63528K, reserved 1103872K
  class space    used 8360K, capacity 8691K, committed 8752K, reserved 1048576K
}
Event: 352.337 GC heap before
{Heap before GC invocations=78 (full 33):
 PSYoungGen      total 558592K, used 284672K [0x0000000780000000, 0x00000007b3300000, 0x00000007c0000000)
  eden space 284672K, 100% used [0x0000000780000000,0x0000000791600000,0x0000000791600000)
  from space 273920K, 0% used [0x0000000791600000,0x0000000791600000,0x00000007a2180000)
  to   space 261120K, 0% used [0x00000007a3400000,0x00000007a3400000,0x00000007b3300000)
 ParOldGen       total 410112K, used 409634K [0x0000000700000000, 0x0000000719080000, 0x0000000780000000)
  object space 410112K, 99% used [0x0000000700000000,0x0000000719008b20,0x0000000719080000)
 Metaspace       used 62177K, capacity 63238K, committed 63528K, reserved 1103872K
  class space    used 8360K, capacity 8691K, committed 8752K, reserved 1048576K
Event: 353.990 GC heap after
Heap after GC invocations=78 (full 33):
 PSYoungGen      total 558592K, used 94193K [0x0000000780000000, 0x00000007b3300000, 0x00000007c0000000)
  eden space 284672K, 33% used [0x0000000780000000,0x0000000785bfc4a0,0x0000000791600000)
  from space 273920K, 0% used [0x0000000791600000,0x0000000791600000,0x00000007a2180000)
  to   space 261120K, 0% used [0x00000007a3400000,0x00000007a3400000,0x00000007b3300000)
 ParOldGen       total 410112K, used 409634K [0x0000000700000000, 0x0000000719080000, 0x0000000780000000)
  object space 410112K, 99% used [0x0000000700000000,0x0000000719008b20,0x0000000719080000)
 Metaspace       used 62177K, capacity 63238K, committed 63528K, reserved 1103872K
  class space    used 8360K, capacity 8691K, committed 8752K, reserved 1048576K
}
Event: 359.212 GC heap before
{Heap before GC invocations=79 (full 34):
 PSYoungGen      total 558592K, used 284672K [0x0000000780000000, 0x00000007b3300000, 0x00000007c0000000)
  eden space 284672K, 100% used [0x0000000780000000,0x0000000791600000,0x0000000791600000)
  from space 273920K, 0% used [0x0000000791600000,0x0000000791600000,0x00000007a2180000)
  to   space 261120K, 0% used [0x00000007a3400000,0x00000007a3400000,0x00000007b3300000)
 ParOldGen       total 410112K, used 409634K [0x0000000700000000, 0x0000000719080000, 0x0000000780000000)
  object space 410112K, 99% used [0x0000000700000000,0x0000000719008b20,0x0000000719080000)
 Metaspace       used 62184K, capacity 63238K, committed 63528K, reserved 1103872K
  class space    used 8360K, capacity 8691K, committed 8752K, reserved 1048576K
Event: 365.788 GC heap after
Heap after GC invocations=79 (full 34):
 PSYoungGen      total 558592K, used 97102K [0x0000000780000000, 0x00000007b3300000, 0x00000007c0000000)
  eden space 284672K, 34% used [0x0000000780000000,0x0000000785ed39a8,0x0000000791600000)
  from space 273920K, 0% used [0x0000000791600000,0x0000000791600000,0x00000007a2180000)
  to   space 261120K, 0% used [0x00000007a3400000,0x00000007a3400000,0x00000007b3300000)
 ParOldGen       total 410112K, used 409825K [0x0000000700000000, 0x0000000719080000, 0x0000000780000000)
  object space 410112K, 99% used [0x0000000700000000,0x00000007190387b0,0x0000000719080000)
 Metaspace       used 62184K, capacity 63238K, committed 63528K, reserved 1103872K
  class space    used 8360K, capacity 8691K, committed 8752K, reserved 1048576K
}

