# JRE version: Java(TM) SE Runtime Environment (8.0_271-b09) (build 1.8.0_271-b09)
# Java VM: Java HotSpot(TM) 64-Bit Server VM (25.271-b09 mixed mode windows-amd64 compressed oops)
Heap:
 PSYoungGen      total 330240K, used 55586K [0x0000000780000000, 0x000000079cb80000, 0x00000007c0000000)
  eden space 195584K, 9% used [0x0000000780000000,0x00000007812fff38,0x000000078bf00000)
  from space 134656K, 26% used [0x0000000794480000,0x00000007967c8930,0x000000079c800000)
  to   space 136704K, 0% used [0x000000078bf00000,0x000000078bf00000,0x0000000794480000)
 ParOldGen       total 424448K, used 287076K [0x0000000700000000, 0x0000000719e80000, 0x0000000780000000)
  object space 424448K, 67% used [0x0000000700000000,0x0000000711859108,0x0000000719e80000)
 Metaspace       used 65654K, capacity 66820K, committed 66984K, reserved 1107968K
  class space    used 8768K, capacity 9096K, committed 9136K, reserved 1048576K
GC Heap History (10 events):
Event: 315.252 GC heap before
{Heap before GC invocations=36 (full 5):
 PSYoungGen      total 227840K, used 212396K [0x0000000780000000, 0x0000000794e00000, 0x00000007c0000000)
  eden space 141824K, 100% used [0x0000000780000000,0x0000000788a80000,0x0000000788a80000)
  from space 86016K, 82% used [0x000000078e800000,0x0000000792ceb1b0,0x0000000793c00000)
  to   space 95744K, 0% used [0x0000000788a80000,0x0000000788a80000,0x000000078e800000)
 ParOldGen       total 287232K, used 171047K [0x0000000700000000, 0x0000000711880000, 0x0000000780000000)
  object space 287232K, 59% used [0x0000000700000000,0x000000070a709f00,0x0000000711880000)
 Metaspace       used 60555K, capacity 61680K, committed 61992K, reserved 1103872K
  class space    used 8107K, capacity 8412K, committed 8496K, reserved 1048576K
Event: 315.442 GC heap after
Heap after GC invocations=36 (full 5):
 PSYoungGen      total 237568K, used 77732K [0x0000000780000000, 0x0000000797880000, 0x00000007c0000000)
  eden space 141824K, 0% used [0x0000000780000000,0x0000000780000000,0x0000000788a80000)
  from space 95744K, 81% used [0x0000000788a80000,0x000000078d669168,0x000000078e800000)
  to   space 105984K, 0% used [0x0000000791100000,0x0000000791100000,0x0000000797880000)
 ParOldGen       total 287232K, used 171047K [0x0000000700000000, 0x0000000711880000, 0x0000000780000000)
  object space 287232K, 59% used [0x0000000700000000,0x000000070a709f00,0x0000000711880000)
 Metaspace       used 60555K, capacity 61680K, committed 61992K, reserved 1103872K
  class space    used 8107K, capacity 8412K, committed 8496K, reserved 1048576K
}
Event: 317.040 GC heap before
{Heap before GC invocations=37 (full 5):
 PSYoungGen      total 237568K, used 219556K [0x0000000780000000, 0x0000000797880000, 0x00000007c0000000)
  eden space 141824K, 100% used [0x0000000780000000,0x0000000788a80000,0x0000000788a80000)
  from space 95744K, 81% used [0x0000000788a80000,0x000000078d669168,0x000000078e800000)
  to   space 105984K, 0% used [0x0000000791100000,0x0000000791100000,0x0000000797880000)
 ParOldGen       total 287232K, used 171047K [0x0000000700000000, 0x0000000711880000, 0x0000000780000000)
  object space 287232K, 59% used [0x0000000700000000,0x000000070a709f00,0x0000000711880000)
 Metaspace       used 60667K, capacity 61744K, committed 61992K, reserved 1103872K
  class space    used 8110K, capacity 8412K, committed 8496K, reserved 1048576K
Event: 317.323 GC heap after
Heap after GC invocations=37 (full 5):
 PSYoungGen      total 268800K, used 85406K [0x0000000780000000, 0x0000000799100000, 0x00000007c0000000)
  eden space 162816K, 0% used [0x0000000780000000,0x0000000780000000,0x0000000789f00000)
  from space 105984K, 80% used [0x0000000791100000,0x0000000796467a48,0x0000000797880000)
  to   space 116736K, 0% used [0x0000000789f00000,0x0000000789f00000,0x0000000791100000)
 ParOldGen       total 287232K, used 178247K [0x0000000700000000, 0x0000000711880000, 0x0000000780000000)
  object space 287232K, 62% used [0x0000000700000000,0x000000070ae11ee8,0x0000000711880000)
 Metaspace       used 60667K, capacity 61744K, committed 61992K, reserved 1103872K
  class space    used 8110K, capacity 8412K, committed 8496K, reserved 1048576K
}
Event: 320.663 GC heap before
{Heap before GC invocations=38 (full 5):
 PSYoungGen      total 268800K, used 248222K [0x0000000780000000, 0x0000000799100000, 0x00000007c0000000)
  eden space 162816K, 100% used [0x0000000780000000,0x0000000789f00000,0x0000000789f00000)
  from space 105984K, 80% used [0x0000000791100000,0x0000000796467a48,0x0000000797880000)
  to   space 116736K, 0% used [0x0000000789f00000,0x0000000789f00000,0x0000000791100000)
 ParOldGen       total 287232K, used 178247K [0x0000000700000000, 0x0000000711880000, 0x0000000780000000)
  object space 287232K, 62% used [0x0000000700000000,0x000000070ae11ee8,0x0000000711880000)
 Metaspace       used 60733K, capacity 61808K, committed 61992K, reserved 1103872K
  class space    used 8114K, capacity 8412K, committed 8496K, reserved 1048576K
Event: 321.052 GC heap after
Heap after GC invocations=38 (full 5):
 PSYoungGen      total 279552K, used 110797K [0x0000000780000000, 0x000000079c800000, 0x00000007c0000000)
  eden space 162816K, 0% used [0x0000000780000000,0x0000000780000000,0x0000000789f00000)
  from space 116736K, 94% used [0x0000000789f00000,0x0000000790b335b0,0x0000000791100000)
  to   space 134656K, 0% used [0x0000000794480000,0x0000000794480000,0x000000079c800000)
 ParOldGen       total 287232K, used 200035K [0x0000000700000000, 0x0000000711880000, 0x0000000780000000)
  object space 287232K, 69% used [0x0000000700000000,0x000000070c358fc8,0x0000000711880000)
 Metaspace       used 60733K, capacity 61808K, committed 61992K, reserved 1103872K
  class space    used 8114K, capacity 8412K, committed 8496K, reserved 1048576K
}
Event: 325.497 GC heap before
{Heap before GC invocations=39 (full 5):
 PSYoungGen      total 279552K, used 273613K [0x0000000780000000, 0x000000079c800000, 0x00000007c0000000)
  eden space 162816K, 100% used [0x0000000780000000,0x0000000789f00000,0x0000000789f00000)
  from space 116736K, 94% used [0x0000000789f00000,0x0000000790b335b0,0x0000000791100000)
  to   space 134656K, 0% used [0x0000000794480000,0x0000000794480000,0x000000079c800000)
 ParOldGen       total 287232K, used 200035K [0x0000000700000000, 0x0000000711880000, 0x0000000780000000)
  object space 287232K, 69% used [0x0000000700000000,0x000000070c358fc8,0x0000000711880000)
 Metaspace       used 65650K, capacity 66820K, committed 66984K, reserved 1107968K
  class space    used 8768K, capacity 9096K, committed 9136K, reserved 1048576K
Event: 325.866 GC heap after
Heap after GC invocations=39 (full 5):
 PSYoungGen      total 330240K, used 78566K [0x0000000780000000, 0x000000079cb80000, 0x00000007c0000000)
  eden space 195584K, 0% used [0x0000000780000000,0x0000000780000000,0x000000078bf00000)
  from space 134656K, 58% used [0x0000000794480000,0x0000000799139a40,0x000000079c800000)
  to   space 136704K, 0% used [0x000000078bf00000,0x000000078bf00000,0x0000000794480000)
 ParOldGen       total 287232K, used 247050K [0x0000000700000000, 0x0000000711880000, 0x0000000780000000)
  object space 287232K, 86% used [0x0000000700000000,0x000000070f142808,0x0000000711880000)
 Metaspace       used 65650K, capacity 66820K, committed 66984K, reserved 1107968K
  class space    used 8768K, capacity 9096K, committed 9136K, reserved 1048576K
}
Event: 325.866 GC heap before
{Heap before GC invocations=40 (full 6):
 PSYoungGen      total 330240K, used 78566K [0x0000000780000000, 0x000000079cb80000, 0x00000007c0000000)
  eden space 195584K, 0% used [0x0000000780000000,0x0000000780000000,0x000000078bf00000)
  from space 134656K, 58% used [0x0000000794480000,0x0000000799139a40,0x000000079c800000)
  to   space 136704K, 0% used [0x000000078bf00000,0x000000078bf00000,0x0000000794480000)
 ParOldGen       total 287232K, used 247050K [0x0000000700000000, 0x0000000711880000, 0x0000000780000000)
  object space 287232K, 86% used [0x0000000700000000,0x000000070f142808,0x0000000711880000)
 Metaspace       used 65650K, capacity 66820K, committed 66984K, reserved 1107968K
  class space    used 8768K, capacity 9096K, committed 9136K, reserved 1048576K
Event: 329.606 GC heap after
Heap after GC invocations=40 (full 6):
 PSYoungGen      total 330240K, used 36130K [0x0000000780000000, 0x000000079cb80000, 0x00000007c0000000)
  eden space 195584K, 0% used [0x0000000780000000,0x0000000780000000,0x000000078bf00000)
  from space 134656K, 26% used [0x0000000794480000,0x00000007967c8930,0x000000079c800000)
  to   space 136704K, 0% used [0x000000078bf00000,0x000000078bf00000,0x0000000794480000)
 ParOldGen       total 424448K, used 287076K [0x0000000700000000, 0x0000000719e80000, 0x0000000780000000)
  object space 424448K, 67% used [0x0000000700000000,0x0000000711859108,0x0000000719e80000)
 Metaspace       used 65650K, capacity 66820K, committed 66984K, reserved 1107968K
  class space    used 8768K, capacity 9096K, committed 9136K, reserved 1048576K
}

